Encontrei várias entidades com o nome "Ekoa". Qual delas te interessa? Aqui está
 o resumo:

---

**1. Ekoa® — Material Compósito Bio-Based (EUA)**
- Criado pela empresa **Lingrove** (San Francisco)
- Material feito de fibra de linho + resina vegetal — alternativa sustentável a
madeira exótica e fibra de carbono
- Mais leve que fibra de carbono, mais rígido que fibra de vidro, **carbon-negat
ive**
- Usado em: interiores arquitetónicos, automóveis (Hyundai Palisade concept), in
strumentos musicais, desporto
- Fundadores: Joe Luttwak + Desi Banatao, origem nas guitarras Blackbird (2013)
- Levantou $10M em 2023 para escalar produção
- Site: [ekoa.design](https://ekoa.design)

---

**2. Projeto EKOA — Direito Ambiental (Brasil, UFPR)**
- Projeto de extensão universitária da UFPR: *"Direito Ambiental para tod@s"*
- Apoia comunidades rurais, MST e povos tradicionais com conhecimento jurídico a
mbiental
- Fundado em 2016, coordenado pela Prof. Katya Isaguirre

---

**3. Ekôa Park (Paraná, Brasil)**
- Plataforma de eventos corporativos baseada na natureza
- Nome vem do **Tupi-Guarani**: significa *abrigo*, *morada*, *aconchego* (raiz
*ECÓ* = ser)

---

**4. Outros:** Projeto EKOA/UFPA (cuidado de crianças), Ekoa Arquitetura (Maring
á)

---

Qual destes projetos é o que te interessa? Posso ir mais fundo em qualquer um de
les.
ggomes@unknown72acd69a2fa0 ekus %
