[2026-03-05-08-10] Running job: check-messages
  Done. Log: /Users/ggomes/ekus/logs/check-messages_2026-03-05_08-10.log
[2026-03-05-08-20] Running job: check-messages
  Done. Log: /Users/ggomes/ekus/logs/check-messages_2026-03-05_08-20.log
[2026-03-05-08-30] Running job: check-messages
  Done. Log: /Users/ggomes/ekus/logs/check-messages_2026-03-05_08-30.log
[2026-03-05-09-00] Running job: hourly-digest
  Done. Log: /Users/ggomes/ekus/logs/hourly-digest_2026-03-05_09-00.log
[2026-03-05-10-00] Running job: hourly-digest
  Done. Log: /Users/ggomes/ekus/logs/hourly-digest_2026-03-05_10-00.log
[2026-03-05-11-00] Running job: hourly-digest
  Done. Log: /Users/ggomes/ekus/logs/hourly-digest_2026-03-05_11-00.log
[2026-03-05-12-00] Running job: hourly-digest
  Done. Log: /Users/ggomes/ekus/logs/hourly-digest_2026-03-05_12-00.log
[2026-03-05-13-00] Running job: hourly-digest
  Done. Log: /Users/ggomes/ekus/logs/hourly-digest_2026-03-05_13-00.log
[2026-03-05-14-00] Running job: hourly-digest
  Done. Log: /Users/ggomes/ekus/logs/hourly-digest_2026-03-05_14-00.log
[2026-03-05-15-00] Running job: hourly-digest
  Done. Log: /Users/ggomes/ekus/logs/hourly-digest_2026-03-05_15-00.log
[2026-03-05-16-00] Running job: hourly-digest
  Done. Log: /Users/ggomes/ekus/logs/hourly-digest_2026-03-05_16-00.log
[2026-03-05-17-00] Running job: hourly-digest
  Done. Log: /Users/ggomes/ekus/logs/hourly-digest_2026-03-05_17-00.log
[2026-03-05-18-00] Running job: hourly-digest
  Done. Log: /Users/ggomes/ekus/logs/hourly-digest_2026-03-05_18-00.log
[2026-03-05-19-00] Running job: hourly-digest
  Done. Log: /Users/ggomes/ekus/logs/hourly-digest_2026-03-05_19-00.log
[2026-03-05-20-00] Running job: hourly-digest
  Done. Log: /Users/ggomes/ekus/logs/hourly-digest_2026-03-05_20-00.log
[2026-03-05-21-00] Running job: hourly-digest
  Done. Log: /Users/ggomes/ekus/logs/hourly-digest_2026-03-05_21-00.log
[2026-03-05-22-00] Running job: hourly-digest
  Done. Log: /Users/ggomes/ekus/logs/hourly-digest_2026-03-05_22-00.log
[2026-03-05-23-00] Running job: hourly-digest
  Done. Log: /Users/ggomes/ekus/logs/hourly-digest_2026-03-05_23-00.log
[2026-03-06-06-00] Running job: hourly-digest
  Done. Log: /Users/ggomes/ekus/logs/hourly-digest_2026-03-06_06-00.log
[2026-03-06-07-00] Running job: hourly-digest
  Done. Log: /Users/ggomes/ekus/logs/hourly-digest_2026-03-06_07-00.log
[2026-03-06-08-00] Running job: hourly-digest
  Done. Log: /Users/ggomes/ekus/logs/hourly-digest_2026-03-06_08-00.log
[2026-03-06-09-00] Running job: hourly-digest
  Done. Log: /Users/ggomes/ekus/logs/hourly-digest_2026-03-06_09-00.log
[2026-03-06-10-00] Running job: hourly-digest
  Done. Log: /Users/ggomes/ekus/logs/hourly-digest_2026-03-06_10-00.log
[2026-03-06-11-00] Running job: hourly-digest
  Done. Log: /Users/ggomes/ekus/logs/hourly-digest_2026-03-06_11-00.log
[2026-03-06-12-00] Running job: hourly-digest
  Done. Log: /Users/ggomes/ekus/logs/hourly-digest_2026-03-06_12-00.log
[2026-03-06-13-00] Running job: hourly-digest
  Done. Log: /Users/ggomes/ekus/logs/hourly-digest_2026-03-06_13-00.log
[2026-03-06-14-00] Running job: hourly-digest
  Done. Log: /Users/ggomes/ekus/logs/hourly-digest_2026-03-06_14-00.log
[2026-03-06-15-00] Running job: hourly-digest
  Done. Log: /Users/ggomes/ekus/logs/hourly-digest_2026-03-06_15-00.log
[2026-03-06-16-00] Running job: hourly-digest
  Done. Log: /Users/ggomes/ekus/logs/hourly-digest_2026-03-06_16-00.log
[2026-03-06-17-00] Running job: hourly-digest
  Done. Log: /Users/ggomes/ekus/logs/hourly-digest_2026-03-06_17-00.log
[2026-03-06-18-00] Running job: hourly-digest
  Done. Log: /Users/ggomes/ekus/logs/hourly-digest_2026-03-06_18-00.log
[2026-03-06-19-00] Running job: hourly-digest
  Done. Log: /Users/ggomes/ekus/logs/hourly-digest_2026-03-06_19-00.log
[2026-03-06-20-00] Running job: hourly-digest
  Done. Log: /Users/ggomes/ekus/logs/hourly-digest_2026-03-06_20-00.log
[2026-03-06-21-00] Running job: hourly-digest
  Done. Log: /Users/ggomes/ekus/logs/hourly-digest_2026-03-06_21-00.log
[2026-03-06-22-00] Running job: hourly-digest
  Done. Log: /Users/ggomes/ekus/logs/hourly-digest_2026-03-06_22-00.log
[2026-03-06-23-00] Running job: hourly-digest
  Done. Log: /Users/ggomes/ekus/logs/hourly-digest_2026-03-06_23-00.log
[2026-03-09-06-00] Running job: hourly-digest
  Done. Log: /Users/ggomes/ekus/logs/hourly-digest_2026-03-09_06-00.log
[2026-03-09-07-00] Running job: hourly-digest
  Done. Log: /Users/ggomes/ekus/logs/hourly-digest_2026-03-09_07-00.log
[2026-03-09-08-00] Running job: hourly-digest
  Done. Log: /Users/ggomes/ekus/logs/hourly-digest_2026-03-09_08-00.log
[2026-03-09-09-00] Running job: hourly-digest
  Done. Log: /Users/ggomes/ekus/logs/hourly-digest_2026-03-09_09-00.log
[2026-03-09-10-00] Running job: hourly-digest
  Done. Log: /Users/ggomes/ekus/logs/hourly-digest_2026-03-09_10-00.log
[2026-03-09-11-00] Running job: hourly-digest
  Done. Log: /Users/ggomes/ekus/logs/hourly-digest_2026-03-09_11-00.log
[2026-03-09-12-00] Running job: hourly-digest
  Done. Log: /Users/ggomes/ekus/logs/hourly-digest_2026-03-09_12-00.log
[2026-03-09-13-00] Running job: hourly-digest
  Done. Log: /Users/ggomes/ekus/logs/hourly-digest_2026-03-09_13-00.log
[2026-03-09-14-00] Running job: hourly-digest
  Done. Log: /Users/ggomes/ekus/logs/hourly-digest_2026-03-09_14-00.log
[2026-03-09-15-00] Running job: hourly-digest
  Done. Log: /Users/ggomes/ekus/logs/hourly-digest_2026-03-09_15-00.log
[2026-03-09-16-00] Running job: hourly-digest
  Done. Log: /Users/ggomes/ekus/logs/hourly-digest_2026-03-09_16-00.log
[2026-03-09-17-00] Running job: hourly-digest
  Done. Log: /Users/ggomes/ekus/logs/hourly-digest_2026-03-09_17-00.log
[2026-03-09-18-00] Running job: hourly-digest
  Done. Log: /Users/ggomes/ekus/logs/hourly-digest_2026-03-09_18-00.log
[2026-03-09-19-00] Running job: hourly-digest
  Done. Log: /Users/ggomes/ekus/logs/hourly-digest_2026-03-09_19-00.log
[2026-03-09-20-00] Running job: hourly-digest
  Done. Log: /Users/ggomes/ekus/logs/hourly-digest_2026-03-09_20-00.log
[2026-03-09-21-00] Running job: hourly-digest
  Done. Log: /Users/ggomes/ekus/logs/hourly-digest_2026-03-09_21-00.log
[2026-03-09-22-00] Running job: hourly-digest
  Done. Log: /Users/ggomes/ekus/logs/hourly-digest_2026-03-09_22-00.log
[2026-03-09-23-00] Running job: hourly-digest
  Done. Log: /Users/ggomes/ekus/logs/hourly-digest_2026-03-09_23-00.log
[2026-03-10-06-00] Running job: hourly-digest
  Done. Log: /Users/ggomes/ekus/logs/hourly-digest_2026-03-10_06-00.log
[2026-03-10-07-00] Running job: hourly-digest
  Done. Log: /Users/ggomes/ekus/logs/hourly-digest_2026-03-10_07-00.log
[2026-03-10-08-00] Running job: hourly-digest
  Done. Log: /Users/ggomes/ekus/logs/hourly-digest_2026-03-10_08-00.log
[2026-03-10-09-00] Running job: hourly-digest
  Done. Log: /Users/ggomes/ekus/logs/hourly-digest_2026-03-10_09-00.log
[2026-03-10-10-00] Running job: hourly-digest
  Done. Log: /Users/ggomes/ekus/logs/hourly-digest_2026-03-10_10-00.log
[2026-03-10-11-00] Running job: hourly-digest
  Done. Log: /Users/ggomes/ekus/logs/hourly-digest_2026-03-10_11-00.log
[2026-03-11-19-00] Running job: hourly-digest
  Done. Log: /Users/ggomes/Projects/ekus/logs/hourly-digest_2026-03-11_19-00.log
[2026-03-11-20-00] Running job: hourly-digest
  Done. Log: /Users/ggomes/Projects/ekus/logs/hourly-digest_2026-03-11_20-00.log
[2026-03-11-21-00] Running job: hourly-digest
  Done. Log: /Users/ggomes/Projects/ekus/logs/hourly-digest_2026-03-11_21-00.log
[2026-03-11-22-00] Running job: hourly-digest
  Done. Log: /Users/ggomes/Projects/ekus/logs/hourly-digest_2026-03-11_22-00.log
[2026-03-11-23-00] Running job: hourly-digest
  Done. Log: /Users/ggomes/Projects/ekus/logs/hourly-digest_2026-03-11_23-00.log
[2026-03-12-06-00] Running job: hourly-digest
  Done. Log: /Users/ggomes/Projects/ekus/logs/hourly-digest_2026-03-12_06-00.log
[2026-03-12-07-00] Running job: hourly-digest
  Done. Log: /Users/ggomes/Projects/ekus/logs/hourly-digest_2026-03-12_07-00.log
[2026-03-12-08-00] Running job: hourly-digest
  Done. Log: /Users/ggomes/Projects/ekus/logs/hourly-digest_2026-03-12_08-00.log
[2026-03-12-09-00] Running job: hourly-digest
  Done. Log: /Users/ggomes/Projects/ekus/logs/hourly-digest_2026-03-12_09-00.log
[2026-03-12-10-00] Running job: hourly-digest
  Done. Log: /Users/ggomes/Projects/ekus/logs/hourly-digest_2026-03-12_10-00.log
